# JRE version: Java(TM) SE Runtime Environment (17.0.12+8) (build 17.0.12+8-LTS-286)
# Java VM: Java HotSpot(TM) 64-Bit Server VM (17.0.12+8-LTS-286, mixed mode, sharing, tiered, compressed oops, compressed class ptrs, g1 gc, windows-amd64)
GC Precious Log:
 CPUs: 8 total, 8 available
 Memory: 16269M
 Large Page Support: Disabled
 NUMA Support: Disabled
 Compressed Oops: Enabled (Zero based)
 Heap Region Size: 2M
 Heap Min Capacity: 8M
 Heap Initial Capacity: 256M
 Heap Max Capacity: 4068M
 Pre-touch: Disabled
 Parallel Workers: 8
 Concurrent Workers: 2
 Concurrent Refinement Workers: 8
 Periodic GC: Disabled
Heap:
 garbage-first heap   total 188416K, used 110592K [0x0000000701c00000, 0x0000000800000000)
  region size 2048K, 33 young (67584K), 6 survivors (12288K)
 Metaspace       used 32166K, committed 32640K, reserved 1114112K
  class space    used 3621K, committed 3840K, reserved 1048576K
GC Heap History (20 events):
Event: 1.714 GC heap before
{Heap before GC invocations=0 (full 0):
 garbage-first heap   total 262144K, used 22528K [0x0000000701c00000, 0x0000000800000000)
  region size 2048K, 11 young (22528K), 0 survivors (0K)
 Metaspace       used 4626K, committed 4800K, reserved 1114112K
  class space    used 542K, committed 640K, reserved 1048576K
}
Event: 1.718 GC heap after
{Heap after GC invocations=1 (full 0):
 garbage-first heap   total 262144K, used 3394K [0x0000000701c00000, 0x0000000800000000)
  region size 2048K, 2 young (4096K), 2 survivors (4096K)
 Metaspace       used 4626K, committed 4800K, reserved 1114112K
  class space    used 542K, committed 640K, reserved 1048576K
}
Event: 3.063 GC heap before
{Heap before GC invocations=1 (full 0):
 garbage-first heap   total 262144K, used 36162K [0x0000000701c00000, 0x0000000800000000)
  region size 2048K, 18 young (36864K), 2 survivors (4096K)
 Metaspace       used 7231K, committed 7360K, reserved 1114112K
  class space    used 874K, committed 960K, reserved 1048576K
}
Event: 3.068 GC heap after
{Heap after GC invocations=2 (full 0):
 garbage-first heap   total 262144K, used 4500K [0x0000000701c00000, 0x0000000800000000)
  region size 2048K, 1 young (2048K), 1 survivors (2048K)
 Metaspace       used 7231K, committed 7360K, reserved 1114112K
  class space    used 874K, committed 960K, reserved 1048576K
}
Event: 8.517 GC heap before
{Heap before GC invocations=2 (full 0):
 garbage-first heap   total 262144K, used 158100K [0x0000000701c00000, 0x0000000800000000)
  region size 2048K, 76 young (155648K), 1 survivors (2048K)
 Metaspace       used 16605K, committed 16896K, reserved 1114112K
  class space    used 1951K, committed 2112K, reserved 1048576K
}
Event: 8.528 GC heap after
{Heap after GC invocations=3 (full 0):
 garbage-first heap   total 262144K, used 14969K [0x0000000701c00000, 0x0000000800000000)
  region size 2048K, 6 young (12288K), 6 survivors (12288K)
 Metaspace       used 16605K, committed 16896K, reserved 1114112K
  class space    used 1951K, committed 2112K, reserved 1048576K
}
Event: 9.912 GC heap before
{Heap before GC invocations=3 (full 0):
 garbage-first heap   total 262144K, used 57977K [0x0000000701c00000, 0x0000000800000000)
  region size 2048K, 26 young (53248K), 6 survivors (12288K)
 Metaspace       used 21198K, committed 21504K, reserved 1114112K
  class space    used 2504K, committed 2688K, reserved 1048576K
}
Event: 9.925 GC heap after
{Heap after GC invocations=4 (full 0):
 garbage-first heap   total 262144K, used 25186K [0x0000000701c00000, 0x0000000800000000)
  region size 2048K, 4 young (8192K), 4 survivors (8192K)
 Metaspace       used 21198K, committed 21504K, reserved 1114112K
  class space    used 2504K, committed 2688K, reserved 1048576K
}
Event: 11.363 GC heap before
{Heap before GC invocations=5 (full 0):
 garbage-first heap   total 102400K, used 78434K [0x0000000701c00000, 0x0000000800000000)
  region size 2048K, 30 young (61440K), 4 survivors (8192K)
 Metaspace       used 26307K, committed 26688K, reserved 1114112K
  class space    used 3040K, committed 3200K, reserved 1048576K
}
Event: 11.382 GC heap after
{Heap after GC invocations=6 (full 0):
 garbage-first heap   total 104448K, used 38017K [0x0000000701c00000, 0x0000000800000000)
  region size 2048K, 4 young (8192K), 4 survivors (8192K)
 Metaspace       used 26307K, committed 26688K, reserved 1114112K
  class space    used 3040K, committed 3200K, reserved 1048576K
}
Event: 11.416 GC heap before
{Heap before GC invocations=6 (full 0):
 garbage-first heap   total 104448K, used 40065K [0x0000000701c00000, 0x0000000800000000)
  region size 2048K, 5 young (10240K), 4 survivors (8192K)
 Metaspace       used 26326K, committed 26688K, reserved 1114112K
  class space    used 3040K, committed 3200K, reserved 1048576K
}
Event: 11.427 GC heap after
{Heap after GC invocations=7 (full 0):
 garbage-first heap   total 104448K, used 40234K [0x0000000701c00000, 0x0000000800000000)
  region size 2048K, 1 young (2048K), 1 survivors (2048K)
 Metaspace       used 26326K, committed 26688K, reserved 1114112K
  class space    used 3040K, committed 3200K, reserved 1048576K
}
Event: 12.516 GC heap before
{Heap before GC invocations=7 (full 0):
 garbage-first heap   total 104448K, used 70954K [0x0000000701c00000, 0x0000000800000000)
  region size 2048K, 17 young (34816K), 1 survivors (2048K)
 Metaspace       used 27878K, committed 28160K, reserved 1114112K
  class space    used 3203K, committed 3328K, reserved 1048576K
}
Event: 12.530 GC heap after
{Heap after GC invocations=8 (full 0):
 garbage-first heap   total 104448K, used 42773K [0x0000000701c00000, 0x0000000800000000)
  region size 2048K, 2 young (4096K), 2 survivors (4096K)
 Metaspace       used 27878K, committed 28160K, reserved 1114112K
  class space    used 3203K, committed 3328K, reserved 1048576K
}
Event: 13.339 GC heap before
{Heap before GC invocations=8 (full 0):
 garbage-first heap   total 104448K, used 73493K [0x0000000701c00000, 0x0000000800000000)
  region size 2048K, 18 young (36864K), 2 survivors (4096K)
 Metaspace       used 29128K, committed 29568K, reserved 1114112K
  class space    used 3335K, committed 3520K, reserved 1048576K
}
Event: 13.350 GC heap after
{Heap after GC invocations=9 (full 0):
 garbage-first heap   total 104448K, used 43659K [0x0000000701c00000, 0x0000000800000000)
  region size 2048K, 1 young (2048K), 1 survivors (2048K)
 Metaspace       used 29128K, committed 29568K, reserved 1114112K
  class space    used 3335K, committed 3520K, reserved 1048576K
}
Event: 14.093 GC heap before
{Heap before GC invocations=9 (full 0):
 garbage-first heap   total 104448K, used 76427K [0x0000000701c00000, 0x0000000800000000)
  region size 2048K, 17 young (34816K), 1 survivors (2048K)
 Metaspace       used 29383K, committed 29760K, reserved 1114112K
  class space    used 3342K, committed 3520K, reserved 1048576K
}
Event: 14.102 GC heap after
{Heap after GC invocations=10 (full 0):
 garbage-first heap   total 188416K, used 44595K [0x0000000701c00000, 0x0000000800000000)
  region size 2048K, 1 young (2048K), 1 survivors (2048K)
 Metaspace       used 29383K, committed 29760K, reserved 1114112K
  class space    used 3342K, committed 3520K, reserved 1048576K
}
Event: 16.716 GC heap before
{Heap before GC invocations=10 (full 0):
 garbage-first heap   total 188416K, used 140851K [0x0000000701c00000, 0x0000000800000000)
  region size 2048K, 47 young (96256K), 1 survivors (2048K)
 Metaspace       used 31665K, committed 32128K, reserved 1114112K
  class space    used 3581K, committed 3840K, reserved 1048576K
}
Event: 16.731 GC heap after
{Heap after GC invocations=11 (full 0):
 garbage-first heap   total 188416K, used 57344K [0x0000000701c00000, 0x0000000800000000)
  region size 2048K, 6 young (12288K), 6 survivors (12288K)
 Metaspace       used 31665K, committed 32128K, reserved 1114112K
  class space    used 3581K, committed 3840K, reserved 1048576K
}

